### Custom WaveView ADV log file, revision T-2022.06 (build May 21, ) ###
### created at 14:24:05 on Thu Apr 10 2025 (Linux AMD64) ###
### Host Name: ee28   User ID:    PID: 119810   ###
wv_start_log
# (0) running in waveview only mode
# (0) SW_SX_PERL_LIB defined
# (0) SW_SX_TCL_LIB defined
# (0) HOME defined
wv_move_window {Custom WaveView} {} 0 28
wv_select_window {Custom WaveView} 
wv_resize_window {Custom WaveView} 1920 977
wv_move_window {Custom WaveView} {} 0 28
wv_select_window {Custom WaveView} 
wv_press_tool_button {Custom WaveView} {} {OpenWaveform0} 
wv_move_window {FileDialog} {} 765 257
wv_select_dialog {FileDialog} 
wv_select_combox_item {FileDialog} {} {FileFilter} "Waveform Files:*" 1
wv_select_list_item {FileDialog} {} {FileList} {TESTBED.tr0} 4
wv_press_button {FileDialog} {} {Ok} 
wv_expand_tree_item {Custom WaveView} {} {hierview} {D0:TESTBED.tr0(0)} {+sep=@}
wv_select_tree_item {Custom WaveView} {} {hierview} {D0:TESTBED.tr0(0)@toplevel(0)} {0} {+sep=@}
wv_select_list_item {Custom WaveView} {} {sigview} {v(wl[0])} 9
wv_dclick_list_item {Custom WaveView} {} {sigview} {v(wl[0])} 9
wv_select_list_item {Custom WaveView} {} {sigview} {v(wl[1])} 20
wv_drag_list_item {Custom WaveView} {} {sigview} {v(wl[1])} 20
wv_dclick_list_item {Custom WaveView} {} {sigview} {v(wl[1])} 20
wv_select_list_item {Custom WaveView} {} {sigview} {v(wl[2])} 31
wv_dclick_list_item {Custom WaveView} {} {sigview} {v(wl[2])} 31
wv_move_scrollbar {Custom WaveView} {} {sigview.HScrolBar} {11}
wv_move_scrollbar {Custom WaveView} {} {sigview.HScrolBar} {41}
wv_move_scrollbar {Custom WaveView} {} {sigview.HScrolBar} {49}
wv_move_scrollbar {Custom WaveView} {} {sigview.HScrolBar} {68}
wv_move_scrollbar {Custom WaveView} {} {sigview.HScrolBar} {79}
wv_select_list_item {Custom WaveView} {} {sigview} {v(wl[3])} 42
wv_dclick_list_item {Custom WaveView} {} {sigview} {v(wl[3])} 42
wv_move_scrollbar {Custom WaveView} {} {sigview.HScrolBar} {68}
wv_move_scrollbar {Custom WaveView} {} {sigview.HScrolBar} {28}
wv_move_scrollbar {Custom WaveView} {} {sigview.HScrolBar} {25}
wv_move_scrollbar {Custom WaveView} {} {sigview.HScrolBar} {24}
wv_move_scrollbar {Custom WaveView} {} {sigview.HScrolBar} {19}
wv_move_scrollbar {Custom WaveView} {} {sigview.HScrolBar} {17}
wv_move_scrollbar {Custom WaveView} {} {sigview.HScrolBar} {5}
wv_move_scrollbar {Custom WaveView} {} {sigview.HScrolBar} {0}
wv_move_scrollbar {Custom WaveView} {} {sigview.HScrolBar} {2}
wv_move_scrollbar {Custom WaveView} {} {sigview.HScrolBar} {13}
wv_move_scrollbar {Custom WaveView} {} {sigview.HScrolBar} {43}
wv_move_scrollbar {Custom WaveView} {} {sigview.HScrolBar} {66}
wv_move_scrollbar {Custom WaveView} {} {sigview.HScrolBar} {87}
wv_move_scrollbar {Custom WaveView} {} {sigview.HScrolBar} {90}
wv_select_list_item {Custom WaveView} {} {sigview} {v(wl[4])} 32
wv_dclick_list_item {Custom WaveView} {} {sigview} {v(wl[4])} 32
wv_select_list_item {Custom WaveView} {} {sigview} {v(wl[5])} 43
wv_dclick_list_item {Custom WaveView} {} {sigview} {v(wl[5])} 43
wv_select_list_item {Custom WaveView} {} {sigview} {v(wl[6])} 48
wv_dclick_list_item {Custom WaveView} {} {sigview} {v(wl[6])} 48
wv_select_list_item {Custom WaveView} {} {sigview} {v(wl[7])} 49
wv_dclick_list_item {Custom WaveView} {} {sigview} {v(wl[7])} 49
wv_select_list_item {Custom WaveView} {} {sigview} {v(wl[8])} 50
wv_dclick_list_item {Custom WaveView} {} {sigview} {v(wl[8])} 50
wv_select_list_item {Custom WaveView} {} {sigview} {v(wl[9])} 51
wv_dclick_list_item {Custom WaveView} {} {sigview} {v(wl[9])} 51
wv_move_scrollbar {Custom WaveView} {} {sigview.HScrolBar} {60}
wv_move_scrollbar {Custom WaveView} {} {sigview.HScrolBar} {58}
wv_move_scrollbar {Custom WaveView} {} {sigview.HScrolBar} {57}
wv_move_scrollbar {Custom WaveView} {} {sigview.HScrolBar} {49}
wv_move_scrollbar {Custom WaveView} {} {sigview.HScrolBar} {0}
wv_select_list_item {Custom WaveView} {} {sigview} {v(clk)} 1
wv_dclick_list_item {Custom WaveView} {} {sigview} {v(clk)} 1
wv_select_waveview 1 {waveview 1}
wv_select_wv_item WV1.PANEL11:1.LINE1
wv_drag_item_to WV1 36 689
wv_select_line WV1.PANEL11:1.LINE1
wv_drag_enter WV1
wv_drag_to WV1 39 672
wv_drag_to WV1 45 610
wv_drag_to WV1 47 589
wv_drag_to WV1 51 366
wv_drag_to WV1 53 346
wv_drag_to WV1 53 336
wv_drag_to WV1 62 207
wv_drag_to WV1 62 110
wv_drag_to WV1 57 52
wv_drag_to WV1 50 14
wv_drop_on WV1
wv_drag_item_to WV1 36 689
wv_select_waveview 1 {waveview 1}
wv_select_panel WV1.PANEL1:1 1.2973e-08 0.0965517
wv_select_panel WV1.PANEL1:1 1.2973e-08 0.0965517 btnup
wv_select_menu_item {Custom WaveView} {} {AxisGrid.All Grid Off} 
wv_select_list_item {Custom WaveView} {} {sigview} {v(patn[0])} 2
wv_dclick_list_item {Custom WaveView} {} {sigview} {v(patn[0])} 2
wv_select_list_item {Custom WaveView} {} {sigview} {v(patn[1])} 3
wv_dclick_list_item {Custom WaveView} {} {sigview} {v(patn[1])} 3
wv_select_list_item {Custom WaveView} {} {sigview} {v(patn[2])} 4
wv_dclick_list_item {Custom WaveView} {} {sigview} {v(patn[2])} 4
wv_select_list_item {Custom WaveView} {} {sigview} {v(patn[4])} 6
wv_dclick_list_item {Custom WaveView} {} {sigview} {v(patn[4])} 6
wv_select_list_item {Custom WaveView} {} {sigview} {v(patn[3])} 5
wv_drag_list_item {Custom WaveView} {} {sigview} {v(patn[3])} 5
wv_dclick_list_item {Custom WaveView} {} {sigview} {v(patn[3])} 5
wv_select_list_item {Custom WaveView} {} {sigview} {v(vdd)} 8
wv_select_list_item {Custom WaveView} {} {sigview} {v(patn[5])} 7
wv_dclick_list_item {Custom WaveView} {} {sigview} {v(patn[5])} 7
wv_select_waveview 1 {waveview 1}
wv_select_wv_item WV1.PANEL16:1.LINE1
wv_drag_item_to WV1 50 657
wv_select_line WV1.PANEL16:1.LINE1
wv_drag_enter WV1
wv_drag_to WV1 57 636
wv_drag_to WV1 69 595
wv_drag_to WV1 73 554
wv_drag_to WV1 60 570
wv_drag_to WV1 64 574
wv_drag_to WV1 74 570
wv_drop_on WV1
wv_drag_item_to WV1 50 657
wv_select_menu_item {Custom WaveView} {} {AxisGrid.All Grid Off} 
wv_select_waveview 1 {waveview 1}
wv_select_wv_item WV1.PANEL13:1.LINE1
wv_drag_item_to WV1 56 535
wv_select_line WV1.PANEL13:1.LINE1
wv_drag_enter WV1
wv_drag_to WV1 78 404
wv_drag_to WV1 100 286
wv_drag_to WV1 100 275
wv_drag_to WV1 94 183
wv_drag_to WV1 81 130
wv_drag_to WV1 69 99
wv_drag_to WV1 52 66
wv_drag_to WV1 50 57
wv_drag_to WV1 58 59
wv_drag_to WV1 59 67
wv_drag_to WV1 64 66
wv_drop_on WV1
wv_drag_item_to WV1 56 535
wv_select_waveview 1 {waveview 1}
wv_select_wv_item WV1.PANEL13:1.LINE1
wv_drag_item_to WV1 52 536
wv_select_line WV1.PANEL13:1.LINE1
wv_drag_enter WV1
wv_drag_to WV1 60 512
wv_drag_to WV1 71 474
wv_drag_to WV1 83 428
wv_drag_to WV1 98 279
wv_drag_to WV1 96 251
wv_drag_to WV1 78 193
wv_drag_to WV1 68 169
wv_drag_to WV1 56 144
wv_drag_to WV1 55 137
wv_drag_to WV1 51 103
wv_drag_to WV1 53 79
wv_drag_to WV1 53 59
wv_drop_on WV1
wv_drag_item_to WV1 52 536
wv_select_waveview 1 {waveview 1}
wv_select_wv_item WV1.PANEL14:1.LINE1
wv_drag_item_to WV1 64 565
wv_select_line WV1.PANEL14:1.LINE1
wv_drag_enter WV1
wv_drag_to WV1 67 555
wv_drag_to WV1 78 455
wv_drag_to WV1 78 411
wv_drag_to WV1 78 398
wv_drag_to WV1 78 389
wv_drag_to WV1 78 352
wv_drag_to WV1 66 288
wv_drag_to WV1 60 266
wv_drag_to WV1 48 212
wv_drag_to WV1 45 190
wv_drag_to WV1 45 182
wv_drag_to WV1 53 150
wv_drop_on WV1
wv_drag_item_to WV1 64 565
wv_select_waveview 1 {waveview 1}
wv_select_wv_item WV1.PANEL15:1.LINE1
wv_drag_item_to WV1 48 619
wv_select_line WV1.PANEL15:1.LINE1
wv_drag_enter WV1
wv_drag_to WV1 52 612
wv_drag_to WV1 68 577
wv_drag_to WV1 74 560
wv_drag_to WV1 83 516
wv_drag_to WV1 86 415
wv_drag_to WV1 86 396
wv_drag_to WV1 78 338
wv_drag_to WV1 73 307
wv_drag_to WV1 68 265
wv_drag_to WV1 69 223
wv_drag_to WV1 66 192
wv_drop_on WV1
wv_drag_item_to WV1 48 619
wv_select_waveview 1 {waveview 1}
wv_select_wv_item WV1.PANEL16:1.LINE1
wv_drag_item_to WV1 60 655
wv_select_line WV1.PANEL16:1.LINE1
wv_drag_enter WV1
wv_drag_to WV1 63 630
wv_drag_to WV1 67 576
wv_drag_to WV1 68 544
wv_drag_to WV1 54 415
wv_drag_to WV1 50 394
wv_drag_to WV1 49 390
wv_drag_to WV1 39 342
wv_drag_to WV1 38 317
wv_drag_to WV1 43 298
wv_drag_to WV1 50 275
wv_drag_to WV1 53 263
wv_drag_to WV1 60 233
wv_drag_to WV1 63 224
wv_drag_to WV1 66 229
wv_drag_to WV1 66 239
wv_drag_to WV1 64 234
wv_drop_on WV1
wv_drag_item_to WV1 60 655
wv_select_waveview 1 {waveview 1}
wv_select_wv_item WV1.PANEL17:1.LINE1
wv_drag_item_to WV1 53 701
wv_select_line WV1.PANEL17:1.LINE1
wv_drag_enter WV1
wv_drag_to WV1 62 661
wv_drag_to WV1 64 651
wv_drag_to WV1 69 632
wv_drag_to WV1 75 582
wv_drag_to WV1 78 551
wv_drag_to WV1 77 474
wv_drag_to WV1 74 422
wv_drag_to WV1 73 390
wv_drag_to WV1 71 360
wv_drag_to WV1 71 351
wv_drag_to WV1 71 318
wv_drag_to WV1 71 306
wv_drag_to WV1 73 276
wv_drop_on WV1
wv_drag_item_to WV1 53 701
wv_select_waveview 1 {waveview 1}
wv_select_wv_item WV1.PANEL5:1.LINE1
wv_drag_item_to WV1 57 195
wv_select_line WV1.PANEL5:1.LINE1
wv_drag_enter WV1
wv_drag_to WV1 57 167
wv_drag_to WV1 56 146
wv_drop_on WV1
wv_drag_item_to WV1 57 195
wv_select_waveview 1 {waveview 1}
wv_select_toolbar_item {Custom WaveView} {waveview 1:1} {Browser} 
wv_select_waveview 1 {waveview 1}
wv_select_wv_item WV1.PANEL4:1.LINE1
wv_select_line WV1.PANEL4:1.LINE1
wv_select_window {Custom WaveView} 
